29 messages loaded from file messagesTCH.txt
4 messages loaded from file messagesSTD.txt
0 Asserts Loaded
User program list:
	Program [[1;36mprog-V1-E5-b[0m] with arrival time [[1;36m0[0m]
[0m	Program [[1;36mprog-V1-E5-c-pri[0m] with arrival time [[1;36m0[0m]
[0m	Program [[1;36mprogramMEMADD[0m] with arrival time [[1;36m0[0m]
[0m[1;32mProcess [0] created from program [SystemIdleProcess][0m
[0m[1;31mERROR: Program [prog-V1-E5-b] is not valid [--- it does not exist ---]
[0m[1;31mERROR: Program [prog-V1-E5-c-pri] is not valid [--- invalid priority or size ---]
[0m[1;32mProcess [1] created from program [programMEMADD][0m
[0mNew Tick (1)
{0D 000 000} IRET 0 0 (PC: [1;31m0[0m, Accumulator: [1;31m0[0m, PSW: [1;31m0002[0m [[1;31m--------------Z-[0m])
[0mNew Tick (2)
{01 000 000} ADD 0 0 (PC: [1;31m1[0m, Accumulator: [1;31m0[0m, PSW: [1;31m0002[0m [[1;31m--------------Z-[0m])
[0mNew Tick (3)
{0E 001 021} MEMADD 1 33 (PC: [1;31m2[0m, Accumulator: [1;31m34[0m, PSW: [1;31m0000[0m [[1;31m----------------[0m])
[0mNew Tick (4)
{08 021 000} WRITE 33 0 (PC: [1;31m3[0m, Accumulator: [1;31m34[0m, PSW: [1;31m0000[0m [[1;31m----------------[0m])
[0mNew Tick (5)
{0A 807 000} INC -7 0 (PC: [1;31m4[0m, Accumulator: [1;31m27[0m, PSW: [1;31m0000[0m [[1;31m----------------[0m])
[0mNew Tick (6)
{07 002 000} ZJUMP 2 0 (PC: [1;31m5[0m, Accumulator: [1;31m27[0m, PSW: [1;31m0000[0m [[1;31m----------------[0m])
[0mNew Tick (7)
{06 804 000} JUMP -4 0 (PC: [1;31m1[0m, Accumulator: [1;31m27[0m, PSW: [1;31m0000[0m [[1;31m----------------[0m])
[0mNew Tick (8)
{0E 001 021} MEMADD 1 33 (PC: [1;31m2[0m, Accumulator: [1;31m34[0m, PSW: [1;31m0000[0m [[1;31m----------------[0m])
[0mNew Tick (9)
{08 021 000} WRITE 33 0 (PC: [1;31m3[0m, Accumulator: [1;31m34[0m, PSW: [1;31m0000[0m [[1;31m----------------[0m])
[0mNew Tick (10)
{0A 807 000} INC -7 0 (PC: [1;31m4[0m, Accumulator: [1;31m27[0m, PSW: [1;31m0000[0m [[1;31m----------------[0m])
[0mNew Tick (11)
{07 002 000} ZJUMP 2 0 (PC: [1;31m5[0m, Accumulator: [1;31m27[0m, PSW: [1;31m0000[0m [[1;31m----------------[0m])
[0mNew Tick (12)
{06 804 000} JUMP -4 0 (PC: [1;31m1[0m, Accumulator: [1;31m27[0m, PSW: [1;31m0000[0m [[1;31m----------------[0m])
[0mNew Tick (13)
{0E 001 021} MEMADD 1 33 (PC: [1;31m2[0m, Accumulator: [1;31m34[0m, PSW: [1;31m0000[0m [[1;31m----------------[0m])
[0mNew Tick (14)
{08 021 000} WRITE 33 0 (PC: [1;31m3[0m, Accumulator: [1;31m34[0m, PSW: [1;31m0000[0m [[1;31m----------------[0m])
[0mNew Tick (15)
{0A 807 000} INC -7 0 (PC: [1;31m4[0m, Accumulator: [1;31m27[0m, PSW: [1;31m0000[0m [[1;31m----------------[0m])
[0mNew Tick (16)
{07 002 000} ZJUMP 2 0 (PC: [1;31m5[0m, Accumulator: [1;31m27[0m, PSW: [1;31m0000[0m [[1;31m----------------[0m])
[0mNew Tick (17)
{06 804 000} JUMP -4 0 (PC: [1;31m1[0m, Accumulator: [1;31m27[0m, PSW: [1;31m0000[0m [[1;31m----------------[0m])
[0mNew Tick (18)
{0E 001 021} MEMADD 1 33 (PC: [1;31m2[0m, Accumulator: [1;31m34[0m, PSW: [1;31m0000[0m [[1;31m----------------[0m])
[0mNew Tick (19)
{08 021 000} WRITE 33 0 (PC: [1;31m3[0m, Accumulator: [1;31m34[0m, PSW: [1;31m0000[0m [[1;31m----------------[0m])
[0mNew Tick (20)
{0A 807 000} INC -7 0 (PC: [1;31m4[0m, Accumulator: [1;31m27[0m, PSW: [1;31m0000[0m [[1;31m----------------[0m])
[0mNew Tick (21)
{07 002 000} ZJUMP 2 0 (PC: [1;31m5[0m, Accumulator: [1;31m27[0m, PSW: [1;31m0000[0m [[1;31m----------------[0m])
[0mNew Tick (22)
{06 804 000} JUMP -4 0 (PC: [1;31m1[0m, Accumulator: [1;31m27[0m, PSW: [1;31m0000[0m [[1;31m----------------[0m])
[0mNew Tick (23)
{0E 001 021} MEMADD 1 33 (PC: [1;31m2[0m, Accumulator: [1;31m34[0m, PSW: [1;31m0000[0m [[1;31m----------------[0m])
[0mNew Tick (24)
{08 021 000} WRITE 33 0 (PC: [1;31m3[0m, Accumulator: [1;31m34[0m, PSW: [1;31m0000[0m [[1;31m----------------[0m])
[0mNew Tick (25)
{0A 807 000} INC -7 0 (PC: [1;31m4[0m, Accumulator: [1;31m27[0m, PSW: [1;31m0000[0m [[1;31m----------------[0m])
[0mNew Tick (26)
{07 002 000} ZJUMP 2 0 (PC: [1;31m5[0m, Accumulator: [1;31m27[0m, PSW: [1;31m0000[0m [[1;31m----------------[0m])
[0mNew Tick (27)
{06 804 000} JUMP -4 0 (PC: [1;31m1[0m, Accumulator: [1;31m27[0m, PSW: [1;31m0000[0m [[1;31m----------------[0m])
[0mNew Tick (28)
{0E 001 021} MEMADD 1 33 (PC: [1;31m2[0m, Accumulator: [1;31m34[0m, PSW: [1;31m0000[0m [[1;31m----------------[0m])
[0mNew Tick (29)
{08 021 000} WRITE 33 0 (PC: [1;31m3[0m, Accumulator: [1;31m34[0m, PSW: [1;31m0000[0m [[1;31m----------------[0m])
[0mNew Tick (30)
{0A 807 000} INC -7 0 (PC: [1;31m4[0m, Accumulator: [1;31m27[0m, PSW: [1;31m0000[0m [[1;31m----------------[0m])
[0mNew Tick (31)
{07 002 000} ZJUMP 2 0 (PC: [1;31m5[0m, Accumulator: [1;31m27[0m, PSW: [1;31m0000[0m [[1;31m----------------[0m])
[0mNew Tick (32)
{06 804 000} JUMP -4 0 (PC: [1;31m1[0m, Accumulator: [1;31m27[0m, PSW: [1;31m0000[0m [[1;31m----------------[0m])
[0mNew Tick (33)
{0E 001 021} MEMADD 1 33 (PC: [1;31m2[0m, Accumulator: [1;31m34[0m, PSW: [1;31m0000[0m [[1;31m----------------[0m])
[0mNew Tick (34)
{08 021 000} WRITE 33 0 (PC: [1;31m3[0m, Accumulator: [1;31m34[0m, PSW: [1;31m0000[0m [[1;31m----------------[0m])
[0mNew Tick (35)
{0A 807 000} INC -7 0 (PC: [1;31m4[0m, Accumulator: [1;31m27[0m, PSW: [1;31m0000[0m [[1;31m----------------[0m])
[0mNew Tick (36)
{07 002 000} ZJUMP 2 0 (PC: [1;31m5[0m, Accumulator: [1;31m27[0m, PSW: [1;31m0000[0m [[1;31m----------------[0m])
[0mNew Tick (37)
{06 804 000} JUMP -4 0 (PC: [1;31m1[0m, Accumulator: [1;31m27[0m, PSW: [1;31m0000[0m [[1;31m----------------[0m])
[0mNew Tick (38)
{0E 001 021} MEMADD 1 33 (PC: [1;31m2[0m, Accumulator: [1;31m34[0m, PSW: [1;31m0000[0m [[1;31m----------------[0m])
[0mNew Tick (39)
{08 021 000} WRITE 33 0 (PC: [1;31m3[0m, Accumulator: [1;31m34[0m, PSW: [1;31m0000[0m [[1;31m----------------[0m])
[0mNew Tick (40)
{0A 807 000} INC -7 0 (PC: [1;31m4[0m, Accumulator: [1;31m27[0m, PSW: [1;31m0000[0m [[1;31m----------------[0m])
[0mNew Tick (41)
{07 002 000} ZJUMP 2 0 (PC: [1;31m5[0m, Accumulator: [1;31m27[0m, PSW: [1;31m0000[0m [[1;31m----------------[0m])
[0mNew Tick (42)
{06 804 000} JUMP -4 0 (PC: [1;31m1[0m, Accumulator: [1;31m27[0m, PSW: [1;31m0000[0m [[1;31m----------------[0m])
[0mNew Tick (43)
{0E 001 021} MEMADD 1 33 (PC: [1;31m2[0m, Accumulator: [1;31m34[0m, PSW: [1;31m0000[0m [[1;31m----------------[0m])
[0mNew Tick (44)
{08 021 000} WRITE 33 0 (PC: [1;31m3[0m, Accumulator: [1;31m34[0m, PSW: [1;31m0000[0m [[1;31m----------------[0m])
[0mNew Tick (45)
{0A 807 000} INC -7 0 (PC: [1;31m4[0m, Accumulator: [1;31m27[0m, PSW: [1;31m0000[0m [[1;31m----------------[0m])
[0mNew Tick (46)
{07 002 000} ZJUMP 2 0 (PC: [1;31m5[0m, Accumulator: [1;31m27[0m, PSW: [1;31m0000[0m [[1;31m----------------[0m])
[0mNew Tick (47)
{06 804 000} JUMP -4 0 (PC: [1;31m1[0m, Accumulator: [1;31m27[0m, PSW: [1;31m0000[0m [[1;31m----------------[0m])
[0mNew Tick (48)
{0E 001 021} MEMADD 1 33 (PC: [1;31m2[0m, Accumulator: [1;31m34[0m, PSW: [1;31m0000[0m [[1;31m----------------[0m])
[0mNew Tick (49)
{08 021 000} WRITE 33 0 (PC: [1;31m3[0m, Accumulator: [1;31m34[0m, PSW: [1;31m0000[0m [[1;31m----------------[0m])
[0mNew Tick (50)
{0A 807 000} INC -7 0 (PC: [1;31m4[0m, Accumulator: [1;31m27[0m, PSW: [1;31m0000[0m [[1;31m----------------[0m])
[0mNew Tick (51)
{07 002 000} ZJUMP 2 0 (PC: [1;31m5[0m, Accumulator: [1;31m27[0m, PSW: [1;31m0000[0m [[1;31m----------------[0m])
[0mNew Tick (52)
{06 804 000} JUMP -4 0 (PC: [1;31m1[0m, Accumulator: [1;31m27[0m, PSW: [1;31m0000[0m [[1;31m----------------[0m])
[0mNew Tick (53)
{0E 001 021} MEMADD 1 33 (PC: [1;31m2[0m, Accumulator: [1;31m34[0m, PSW: [1;31m0000[0m [[1;31m----------------[0m])
[0mNew Tick (54)
{08 021 000} WRITE 33 0 (PC: [1;31m3[0m, Accumulator: [1;31m34[0m, PSW: [1;31m0000[0m [[1;31m----------------[0m])
[0mNew Tick (55)
{0A 807 000} INC -7 0 (PC: [1;31m4[0m, Accumulator: [1;31m27[0m, PSW: [1;31m0000[0m [[1;31m----------------[0m])
[0mNew Tick (56)
{07 002 000} ZJUMP 2 0 (PC: [1;31m5[0m, Accumulator: [1;31m27[0m, PSW: [1;31m0000[0m [[1;31m----------------[0m])
[0mNew Tick (57)
{06 804 000} JUMP -4 0 (PC: [1;31m1[0m, Accumulator: [1;31m27[0m, PSW: [1;31m0000[0m [[1;31m----------------[0m])
[0mNew Tick (58)
{0E 001 021} MEMADD 1 33 (PC: [1;31m2[0m, Accumulator: [1;31m34[0m, PSW: [1;31m0000[0m [[1;31m----------------[0m])
[0mNew Tick (59)
{08 021 000} WRITE 33 0 (PC: [1;31m3[0m, Accumulator: [1;31m34[0m, PSW: [1;31m0000[0m [[1;31m----------------[0m])
[0mNew Tick (60)
{0A 807 000} INC -7 0 (PC: [1;31m4[0m, Accumulator: [1;31m27[0m, PSW: [1;31m0000[0m [[1;31m----------------[0m])
[0mNew Tick (61)
{07 002 000} ZJUMP 2 0 (PC: [1;31m5[0m, Accumulator: [1;31m27[0m, PSW: [1;31m0000[0m [[1;31m----------------[0m])
[0mNew Tick (62)
{06 804 000} JUMP -4 0 (PC: [1;31m1[0m, Accumulator: [1;31m27[0m, PSW: [1;31m0000[0m [[1;31m----------------[0m])
[0mNew Tick (63)
{0E 001 021} MEMADD 1 33 (PC: [1;31m2[0m, Accumulator: [1;31m34[0m, PSW: [1;31m0000[0m [[1;31m----------------[0m])
[0mNew Tick (64)
{08 021 000} WRITE 33 0 (PC: [1;31m3[0m, Accumulator: [1;31m34[0m, PSW: [1;31m0000[0m [[1;31m----------------[0m])
[0mNew Tick (65)
{0A 807 000} INC -7 0 (PC: [1;31m4[0m, Accumulator: [1;31m27[0m, PSW: [1;31m0000[0m [[1;31m----------------[0m])
[0mNew Tick (66)
{07 002 000} ZJUMP 2 0 (PC: [1;31m5[0m, Accumulator: [1;31m27[0m, PSW: [1;31m0000[0m [[1;31m----------------[0m])
[0mNew Tick (67)
{06 804 000} JUMP -4 0 (PC: [1;31m1[0m, Accumulator: [1;31m27[0m, PSW: [1;31m0000[0m [[1;31m----------------[0m])
[0mNew Tick (68)
{0E 001 021} MEMADD 1 33 (PC: [1;31m2[0m, Accumulator: [1;31m34[0m, PSW: [1;31m0000[0m [[1;31m----------------[0m])
[0mNew Tick (69)
{08 021 000} WRITE 33 0 (PC: [1;31m3[0m, Accumulator: [1;31m34[0m, PSW: [1;31m0000[0m [[1;31m----------------[0m])
[0mNew Tick (70)
{0A 807 000} INC -7 0 (PC: [1;31m4[0m, Accumulator: [1;31m27[0m, PSW: [1;31m0000[0m [[1;31m----------------[0m])
[0mNew Tick (71)
{07 002 000} ZJUMP 2 0 (PC: [1;31m5[0m, Accumulator: [1;31m27[0m, PSW: [1;31m0000[0m [[1;31m----------------[0m])
[0mNew Tick (72)
{06 804 000} JUMP -4 0 (PC: [1;31m1[0m, Accumulator: [1;31m27[0m, PSW: [1;31m0000[0m [[1;31m----------------[0m])
[0mNew Tick (73)
{0E 001 021} MEMADD 1 33 (PC: [1;31m2[0m, Accumulator: [1;31m34[0m, PSW: [1;31m0000[0m [[1;31m----------------[0m])
[0mNew Tick (74)
{08 021 000} WRITE 33 0 (PC: [1;31m3[0m, Accumulator: [1;31m34[0m, PSW: [1;31m0000[0m [[1;31m----------------[0m])
[0mNew Tick (75)
{0A 807 000} INC -7 0 (PC: [1;31m4[0m, Accumulator: [1;31m27[0m, PSW: [1;31m0000[0m [[1;31m----------------[0m])
[0mNew Tick (76)
{07 002 000} ZJUMP 2 0 (PC: [1;31m5[0m, Accumulator: [1;31m27[0m, PSW: [1;31m0000[0m [[1;31m----------------[0m])
[0mNew Tick (77)
{06 804 000} JUMP -4 0 (PC: [1;31m1[0m, Accumulator: [1;31m27[0m, PSW: [1;31m0000[0m [[1;31m----------------[0m])
[0mNew Tick (78)
{0E 001 021} MEMADD 1 33 (PC: [1;31m2[0m, Accumulator: [1;31m34[0m, PSW: [1;31m0000[0m [[1;31m----------------[0m])
[0mNew Tick (79)
{08 021 000} WRITE 33 0 (PC: [1;31m3[0m, Accumulator: [1;31m34[0m, PSW: [1;31m0000[0m [[1;31m----------------[0m])
[0mNew Tick (80)
{0A 807 000} INC -7 0 (PC: [1;31m4[0m, Accumulator: [1;31m27[0m, PSW: [1;31m0000[0m [[1;31m----------------[0m])
[0mNew Tick (81)
{07 002 000} ZJUMP 2 0 (PC: [1;31m5[0m, Accumulator: [1;31m27[0m, PSW: [1;31m0000[0m [[1;31m----------------[0m])
[0mNew Tick (82)
{06 804 000} JUMP -4 0 (PC: [1;31m1[0m, Accumulator: [1;31m27[0m, PSW: [1;31m0000[0m [[1;31m----------------[0m])
[0mNew Tick (83)
{0E 001 021} MEMADD 1 33 (PC: [1;31m2[0m, Accumulator: [1;31m34[0m, PSW: [1;31m0000[0m [[1;31m----------------[0m])
[0mNew Tick (84)
{08 021 000} WRITE 33 0 (PC: [1;31m3[0m, Accumulator: [1;31m34[0m, PSW: [1;31m0000[0m [[1;31m----------------[0m])
[0mNew Tick (85)
{0A 807 000} INC -7 0 (PC: [1;31m4[0m, Accumulator: [1;31m27[0m, PSW: [1;31m0000[0m [[1;31m----------------[0m])
[0mNew Tick (86)
{07 002 000} ZJUMP 2 0 (PC: [1;31m5[0m, Accumulator: [1;31m27[0m, PSW: [1;31m0000[0m [[1;31m----------------[0m])
[0mNew Tick (87)
{06 804 000} JUMP -4 0 (PC: [1;31m1[0m, Accumulator: [1;31m27[0m, PSW: [1;31m0000[0m [[1;31m----------------[0m])
[0mNew Tick (88)
{0E 001 021} MEMADD 1 33 (PC: [1;31m2[0m, Accumulator: [1;31m34[0m, PSW: [1;31m0000[0m [[1;31m----------------[0m])
[0mNew Tick (89)
{08 021 000} WRITE 33 0 (PC: [1;31m3[0m, Accumulator: [1;31m34[0m, PSW: [1;31m0000[0m [[1;31m----------------[0m])
[0mNew Tick (90)
{0A 807 000} INC -7 0 (PC: [1;31m4[0m, Accumulator: [1;31m27[0m, PSW: [1;31m0000[0m [[1;31m----------------[0m])
[0mNew Tick (91)
{07 002 000} ZJUMP 2 0 (PC: [1;31m5[0m, Accumulator: [1;31m27[0m, PSW: [1;31m0000[0m [[1;31m----------------[0m])
[0mNew Tick (92)
{06 804 000} JUMP -4 0 (PC: [1;31m1[0m, Accumulator: [1;31m27[0m, PSW: [1;31m0000[0m [[1;31m----------------[0m])
[0mNew Tick (93)
{0E 001 021} MEMADD 1 33 (PC: [1;31m2[0m, Accumulator: [1;31m34[0m, PSW: [1;31m0000[0m [[1;31m----------------[0m])
[0mNew Tick (94)
{08 021 000} WRITE 33 0 (PC: [1;31m3[0m, Accumulator: [1;31m34[0m, PSW: [1;31m0000[0m [[1;31m----------------[0m])
[0mNew Tick (95)
